[0m09:07:23.427071 [debug] [MainThread]: Sending event: {'category': 'dbt', 'action': 'invocation', 'label': 'start', 'context': [<snowplow_tracker.self_describing_json.SelfDescribingJson object at 0x0000019983E05050>, <snowplow_tracker.self_describing_json.SelfDescribingJson object at 0x00000199FFF534D0>, <snowplow_tracker.self_describing_json.SelfDescribingJson object at 0x0000019983F75850>]}


============================== 09:07:23.427071 | 34e72e47-cdd2-4b3e-8278-dff404a3f863 ==============================
[0m09:07:23.427071 [info ] [MainThread]: Running with dbt=1.11.7
[0m09:07:23.427071 [debug] [MainThread]: running dbt with arguments {'static_parser': 'True', 'no_print': 'None', 'version_check': 'True', 'target_path': 'None', 'warn_error_options': 'WarnErrorOptionsV2(error=[], warn=[], silence=[])', 'printer_width': '80', 'write_json': 'True', 'introspect': 'True', 'log_cache_events': 'False', 'empty': 'None', 'cache_selected_only': 'False', 'log_format': 'default', 'debug': 'False', 'fail_fast': 'False', 'profiles_dir': 'C:\\Users\\david\\.dbt', 'send_anonymous_usage_stats': 'True', 'quiet': 'False', 'warn_error': 'None', 'partial_parse': 'True', 'invocation_command': 'dbt init shop_analytics_level3', 'use_colors': 'True', 'indirect_selection': 'eager', 'use_experimental_parser': 'False', 'log_path': 'logs'}
[0m09:07:25.235808 [info ] [MainThread]: Creating dbt configuration folder at C:\Users\david\.dbt
[0m09:07:25.256792 [debug] [MainThread]: Starter project path: C:\Users\david\AppData\Local\Programs\Python\Python311\Lib\site-packages\dbt\include\starter_project
[0m09:07:25.478018 [info ] [MainThread]: 
Your new dbt project "shop_analytics_level3" was created!

For more information on how to configure the profiles.yml file,
please consult the dbt documentation here:

  https://docs.getdbt.com/docs/configure-your-profile

One more thing:

Need help? Don't hesitate to reach out to us via GitHub issues or on Slack:

  https://community.getdbt.com/

Happy modeling!

[0m09:07:25.478018 [info ] [MainThread]: Setting up your profile.
[0m09:08:30.964119 [error] [MainThread]: Encountered an error:

[0m09:08:31.000986 [error] [MainThread]: Traceback (most recent call last):
  File "C:\Users\david\AppData\Local\Programs\Python\Python311\Lib\site-packages\dbt\cli\requires.py", line 182, in wrapper
    result, success = func(*args, **kwargs)
                      ^^^^^^^^^^^^^^^^^^^^^
  File "C:\Users\david\AppData\Local\Programs\Python\Python311\Lib\site-packages\dbt\cli\requires.py", line 128, in wrapper
    return func(*args, **kwargs)
           ^^^^^^^^^^^^^^^^^^^^^
  File "C:\Users\david\AppData\Local\Programs\Python\Python311\Lib\site-packages\dbt\cli\main.py", line 483, in init
    results = task.run()
              ^^^^^^^^^^
  File "C:\Users\david\AppData\Local\Programs\Python\Python311\Lib\site-packages\dbt\task\init.py", line 346, in run
    self.setup_profile(profile_name)
  File "C:\Users\david\AppData\Local\Programs\Python\Python311\Lib\site-packages\dbt\task\init.py", line 262, in setup_profile
    self.create_profile_from_target(adapter, profile_name=profile_name)
  File "C:\Users\david\AppData\Local\Programs\Python\Python311\Lib\site-packages\dbt\task\init.py", line 179, in create_profile_from_target
    self.create_profile_from_profile_template(profile_template, profile_name)
  File "C:\Users\david\AppData\Local\Programs\Python\Python311\Lib\site-packages\dbt\task\init.py", line 163, in create_profile_from_profile_template
    target = self.generate_target_from_input(prompts, initial_target)
             ^^^^^^^^^^^^^^^^^^^^^^^^^^^^^^^^^^^^^^^^^^^^^^^^^^^^^^^^
  File "C:\Users\david\AppData\Local\Programs\Python\Python311\Lib\site-packages\dbt\task\init.py", line 113, in generate_target_from_input
    numeric_choice = click.prompt(prompt_msg, type=click.INT)
                     ^^^^^^^^^^^^^^^^^^^^^^^^^^^^^^^^^^^^^^^^
  File "C:\Users\david\AppData\Local\Programs\Python\Python311\Lib\site-packages\click\termui.py", line 171, in prompt
    value = prompt_func(prompt)
            ^^^^^^^^^^^^^^^^^^^
  File "C:\Users\david\AppData\Local\Programs\Python\Python311\Lib\site-packages\click\termui.py", line 154, in prompt_func
    raise Abort() from None
click.exceptions.Abort

[0m09:08:31.000986 [debug] [MainThread]: Command `dbt init` failed at 09:08:31.000986 after 67.70 seconds
[0m09:08:31.000986 [debug] [MainThread]: Sending event: {'category': 'dbt', 'action': 'invocation', 'label': 'end', 'context': [<snowplow_tracker.self_describing_json.SelfDescribingJson object at 0x0000019983FDD150>, <snowplow_tracker.self_describing_json.SelfDescribingJson object at 0x00000199FEADE910>, <snowplow_tracker.self_describing_json.SelfDescribingJson object at 0x00000199FEADEA90>]}
[0m09:08:31.000986 [debug] [MainThread]: Flushing usage events
[0m09:08:33.681639 [debug] [MainThread]: An error was encountered while trying to flush usage events
